<?xml version="1.0" encoding="UTF-8"?>
<!-- Generated by org.testng.reporters.JUnitXMLReporter -->
<testsuite ignored="0" hostname="DESKTOP-R2D29BC" failures="0" tests="4" name="Default test" time="6.282" errors="0" timestamp="2023-04-07T11:46:41 CEST">
  <testcase classname="api.test.UserTests2" name="testPostUser" time="2.828"/>
  <testcase classname="api.test.UserTests2" name="testGetUserByName" time="0.543"/>
  <testcase classname="api.test.UserTests2" name="testUpdateUserByName" time="0.993"/>
  <testcase classname="api.test.UserTests2" name="testDeleteUserByName" time="1.015"/>
</testsuite> <!-- Default test -->
