<?xml version="1.0" encoding="UTF-8"?>
<testng-results ignored="0" total="4" passed="4" failed="0" skipped="0">
  <reporter-output>
  </reporter-output>
  <suite started-at="2023-04-07T12:21:35 CEST" name="PetSuite" finished-at="2023-04-07T12:21:43 CEST" duration-ms="7064">
    <groups>
    </groups>
    <test started-at="2023-04-07T12:21:35 CEST" name="PetTest" finished-at="2023-04-07T12:21:43 CEST" duration-ms="7064">
      <class name="api.test.UserTests2">
        <test-method is-config="true" signature="setup()[pri:0, instance:api.test.UserTests2@4a883b15]" started-at="2023-04-07T12:21:36 CEST" name="setup" finished-at="2023-04-07T12:21:36 CEST" duration-ms="630" status="PASS">
          <reporter-output>
          </reporter-output>
        </test-method> <!-- setup -->
        <test-method signature="testPostUser()[pri:1, instance:api.test.UserTests2@4a883b15]" started-at="2023-04-07T12:21:36 CEST" name="testPostUser" finished-at="2023-04-07T12:21:39 CEST" duration-ms="2447" status="PASS">
          <reporter-output>
          </reporter-output>
        </test-method> <!-- testPostUser -->
        <test-method signature="testGetUserByName()[pri:2, instance:api.test.UserTests2@4a883b15]" started-at="2023-04-07T12:21:39 CEST" name="testGetUserByName" finished-at="2023-04-07T12:21:40 CEST" duration-ms="880" status="PASS">
          <reporter-output>
          </reporter-output>
        </test-method> <!-- testGetUserByName -->
        <test-method signature="testUpdateUserByName()[pri:3, instance:api.test.UserTests2@4a883b15]" started-at="2023-04-07T12:21:40 CEST" name="testUpdateUserByName" finished-at="2023-04-07T12:21:41 CEST" duration-ms="979" status="PASS">
          <reporter-output>
          </reporter-output>
        </test-method> <!-- testUpdateUserByName -->
        <test-method signature="testDeleteUserByName()[pri:4, instance:api.test.UserTests2@4a883b15]" started-at="2023-04-07T12:21:41 CEST" name="testDeleteUserByName" finished-at="2023-04-07T12:21:43 CEST" duration-ms="1864" status="PASS">
          <reporter-output>
          </reporter-output>
        </test-method> <!-- testDeleteUserByName -->
      </class> <!-- api.test.UserTests2 -->
    </test> <!-- PetTest -->
  </suite> <!-- PetSuite -->
</testng-results>
