<?xml version="1.0" encoding="UTF-8"?>
<!-- Generated by org.testng.reporters.JUnitXMLReporter -->
<testsuite ignored="0" hostname="DESKTOP-R2D29BC" failures="0" tests="4" name="PetTest" time="7.064" errors="0" timestamp="2023-04-07T12:21:43 CEST">
  <testcase classname="api.test.UserTests2" name="testPostUser" time="2.447"/>
  <testcase classname="api.test.UserTests2" name="testGetUserByName" time="0.88"/>
  <testcase classname="api.test.UserTests2" name="testUpdateUserByName" time="0.979"/>
  <testcase classname="api.test.UserTests2" name="testDeleteUserByName" time="1.864"/>
</testsuite> <!-- PetTest -->
