<?xml version="1.0" encoding="UTF-8"?>
<!-- Generated by org.testng.reporters.JUnitXMLReporter -->
<testsuite ignored="0" hostname="DESKTOP-R2D29BC" failures="0" tests="4" name="PetTest" time="5.56" errors="0" timestamp="2023-04-07T11:47:34 CEST">
  <testcase classname="api.test.UserTests2" name="testPostUser" time="2.082"/>
  <testcase classname="api.test.UserTests2" name="testGetUserByName" time="0.519"/>
  <testcase classname="api.test.UserTests2" name="testUpdateUserByName" time="0.985"/>
  <testcase classname="api.test.UserTests2" name="testDeleteUserByName" time="0.987"/>
</testsuite> <!-- PetTest -->
